<?xml version="1.0" encoding="utf-8"?><testsuites><testsuite errors="0" failures="0" hostname="TUD256635" name="pytest" skipped="0" tests="18" time="2.642" timestamp="2021-06-18T18:40:13.600411"><testcase classname="tests.test_example" name="test_always_passes" time="0.003" /><testcase classname="tests.test_example" name="test_sum" time="0.001" /><testcase classname="tests.test_example" name="test_sum_tuple" time="0.002" /><testcase classname="tests.test_example" name="test_uppercase" time="0.001" /><testcase classname="tests.test_example" name="test_reversed" time="0.001" /><testcase classname="tests.test_example" name="test_some_primes" time="0.002" /><testcase classname="tests.test_transposonmaper.test_chromosome_position" name="test_packaged_data" time="0.002" /><testcase classname="tests.test_transposonmaper.test_chromosomename_roman_to_arabic" name="test_output_data" time="0.003" /><testcase classname="tests.test_transposonmaper.test_gene_aliases" name="test_packaged_data" time="0.057" /><testcase classname="tests.test_transposonmaper.test_gene_position" name="test_packaged_data" time="0.103" /><testcase classname="tests.test_transposonmaper.test_loading_files" name="test_access_files" time="0.002" /><testcase classname="tests.test_transposonmaper.test_verify_data_files" name="test_packaged_data_files" time="0.001" /><testcase classname="tests.test_transposonmaper.test_verify_data_files" name="test_incorrect_data_path" time="0.001" /><testcase classname="tests.test_transposonmaper.test_verify_data_files" name="test_incorrect_data_files" time="0.001" /><testcase classname="tests.test_transposonmaper.test_integration.test_output_format" name="test_output_format_pergene" time="0.396" /><testcase classname="tests.test_transposonmaper.test_integration.test_output_format" name="test_output_format_peressential_insertions" time="0.373" /><testcase classname="tests.test_transposonmaper.test_integration.test_output_number_type" name="test_transposonmapper_output_data" time="0.429" /><testcase classname="tests.test_transposonmaper.test_integration.test_output_number_type" name="test_transposonmapper_type_output" time="0.359" /></testsuite></testsuites>